Node: ip-AC12540F
Rank: 111
	Starting at 14984
	Ending at 15118

======================
Node: ip-AC12540F
Rank: 123
	Starting at 16592
	Ending at 16726

======================
Node: ip-AC12540F
Rank: 126
	Starting at 16994
	Ending at 17128

======================
Node: ip-AC12540F
Rank: 125
	Starting at 16860
	Ending at 16994

======================
Node: ip-AC12540F
Rank: 116
	Starting at 15654
	Ending at 15788

======================
Node: ip-AC12540F
Rank: 113
	Starting at 15252
	Ending at 15386

======================
Node: ip-AC12540F
Rank: 124
	Starting at 16726
	Ending at 16860

======================
Node: ip-AC12540F
Rank: 131
	Starting at 17664
	Ending at 17798

======================
Node: ip-AC12540F
Rank: 117
	Starting at 15788
	Ending at 15922

======================
Node: ip-AC12540F
Rank: 112
	Starting at 15118
	Ending at 15252

======================
Node: ip-AC12540F
Rank: 115
	Starting at 15520
	Ending at 15654

======================
Node: ip-AC12540F
Rank: 120
	Starting at 16190
	Ending at 16324

======================
Node: ip-AC12540F
Rank: 110
	Starting at 14850
	Ending at 14984

======================
Node: ip-AC12540F
Rank: 121
	Starting at 16324
	Ending at 16458

======================
Node: ip-AC12540F
Rank: 118
	Starting at 15922
	Ending at 16056

======================
Node: ip-AC12540F
Rank: 129
	Starting at 17396
	Ending at 17530

======================
Node: ip-AC12540F
Rank: 130
	Starting at 17530
	Ending at 17664

======================
Node: ip-AC12540F
Rank: 119
	Starting at 16056
	Ending at 16190

======================
Node: ip-AC12540F
Rank: 122
	Starting at 16458
	Ending at 16592

======================
Node: ip-AC12540F
Rank: 127
	Starting at 17128
	Ending at 17262

======================
Node: ip-AC12540F
Rank: 128
	Starting at 17262
	Ending at 17396

======================
Node: ip-AC12540F
Rank: 114
	Starting at 15386
	Ending at 15520

======================
Node: ip-AC125409
Rank: 41
	Starting at 5535
	Ending at 5670

======================
Node: ip-AC125409
Rank: 27
	Starting at 3645
	Ending at 3780

======================
Node: ip-AC125409
Rank: 29
	Starting at 3915
	Ending at 4050

======================
Node: ip-AC125409
Rank: 39
	Starting at 5265
	Ending at 5400

======================
Node: ip-AC125409
Rank: 40
	Starting at 5400
	Ending at 5535

======================
Node: ip-AC125409
Rank: 21
	Starting at 2835
	Ending at 2970

======================
Node: ip-AC125409
Rank: 35
	Starting at 4725
	Ending at 4860

======================
Node: ip-AC125409
Rank: 11
	Starting at 1485
	Ending at 1620

======================
Node: ip-AC125409
Rank: 32
	Starting at 4320
	Ending at 4455

======================
Node: ip-AC125409
Rank: 31
	Starting at 4185
	Ending at 4320

======================
Node: ip-AC125409
Rank: 17
	Starting at 2295
	Ending at 2430

======================
Node: ip-AC125409
Rank: 8
	Starting at 1080
	Ending at 1215

======================
Node: ip-AC125409
Rank: 33
	Starting at 4455
	Ending at 4590

======================
Node: ip-AC125409
Rank: 28
	Starting at 3780
	Ending at 3915

======================
Node: ip-AC125409
Rank: 26
	Starting at 3510
	Ending at 3645

======================
Node: ip-AC125409
Rank: 13
	Starting at 1755
	Ending at 1890

======================
Node: ip-AC125409
Rank: 14
	Starting at 1890
	Ending at 2025

======================
Node: ip-AC125409
Rank: 20
	Starting at 2700
	Ending at 2835

======================
Node: ip-AC125409
Rank: 0
	Starting at 0
	Ending at 135

======================
Node: ip-AC125409
Rank: 34
	Starting at 4590
	Ending at 4725

======================
Node: ip-AC125409
Rank: 4
	Starting at 540
	Ending at 675

======================
Node: ip-AC125409
Rank: 15
	Starting at 2025
	Ending at 2160

======================
Node: ip-AC125409
Rank: 43
	Starting at 5805
	Ending at 5940

======================
Node: ip-AC125409
Rank: 16
	Starting at 2160
	Ending at 2295

======================
Node: ip-AC125409
Rank: 37
	Starting at 4995
	Ending at 5130

======================
Node: ip-AC125409
Rank: 23
	Starting at 3105
	Ending at 3240

======================
Node: ip-AC125409
Rank: 12
	Starting at 1620
	Ending at 1755

======================
Node: ip-AC125409
Rank: 18
	Starting at 2430
	Ending at 2565

======================
Node: ip-AC125409
Rank: 38
	Starting at 5130
	Ending at 5265

======================
Node: ip-AC125409
Rank: 36
	Starting at 4860
	Ending at 4995

======================
Node: ip-AC125409
Rank: 22
	Starting at 2970
	Ending at 3105

======================
Node: ip-AC125409
Rank: 5
	Starting at 675
	Ending at 810

======================
Node: ip-AC125409
Rank: 42
	Starting at 5670
	Ending at 5805

======================
Node: ip-AC125409
Rank: 10
	Starting at 1350
	Ending at 1485

======================
Node: ip-AC125409
Rank: 9
	Starting at 1215
	Ending at 1350

======================
Node: ip-AC125409
Rank: 24
	Starting at 3240
	Ending at 3375

======================
Node: ip-AC125409
Rank: 30
	Starting at 4050
	Ending at 4185

======================
Node: ip-AC125409
Rank: 19
	Starting at 2565
	Ending at 2700

======================
Node: ip-AC125409
Rank: 6
	Starting at 810
	Ending at 945

======================
Node: ip-AC125409
Rank: 2
	Starting at 270
	Ending at 405

======================
Node: ip-AC125409
Rank: 25
	Starting at 3375
	Ending at 3510

======================
Node: ip-AC125409
Rank: 1
	Starting at 135
	Ending at 270

======================
Node: ip-AC125409
Rank: 3
	Starting at 405
	Ending at 540

======================
Node: ip-AC125409
Rank: 7
	Starting at 945
	Ending at 1080

======================
Node: ip-AC12540F
Rank: 99
	Starting at 13365
	Ending at 13500

======================
Node: ip-AC12540F
Rank: 92
	Starting at 12420
	Ending at 12555

======================
Node: ip-AC12540F
Rank: 98
	Starting at 13230
	Ending at 13365

======================
Node: ip-AC12540F
Rank: 95
	Starting at 12825
	Ending at 12960

======================
Node: ip-AC12540F
Rank: 106
	Starting at 14310
	Ending at 14445

======================
Node: ip-AC12540F
Rank: 100
	Starting at 13500
	Ending at 13635

======================
Node: ip-AC12540F
Rank: 94
	Starting at 12690
	Ending at 12825

======================
Node: ip-AC12540F
Rank: 96
	Starting at 12960
	Ending at 13095

======================
Node: ip-AC12540F
Rank: 97
	Starting at 13095
	Ending at 13230

======================
Node: ip-AC12540F
Rank: 107
	Starting at 14445
	Ending at 14580

======================
Node: ip-AC12540F
Rank: 103
	Starting at 13905
	Ending at 14040

======================
Node: ip-AC12540F
Rank: 105
	Starting at 14175
	Ending at 14310

======================
Node: ip-AC12540F
Rank: 89
	Starting at 12015
	Ending at 12150

======================
Node: ip-AC12540F
Rank: 101
	Starting at 13635
	Ending at 13770

======================
Node: ip-AC12540F
Rank: 102
	Starting at 13770
	Ending at 13905

======================
Node: ip-AC12540F
Rank: 104
	Starting at 14040
	Ending at 14175

======================
Node: ip-AC12540F
Rank: 108
	Starting at 14580
	Ending at 14715

======================
Node: ip-AC12540F
Rank: 91
	Starting at 12285
	Ending at 12420

======================
Node: ip-AC12540F
Rank: 109
	Starting at 14715
	Ending at 14850

======================
Node: ip-AC12540F
Rank: 93
	Starting at 12555
	Ending at 12690

======================
Node: ip-AC12540F
Rank: 90
	Starting at 12150
	Ending at 12285

======================
Node: ip-AC12540F
Rank: 88
	Starting at 11880
	Ending at 12015

======================
Node: ip-AC12540A
Rank: 48
	Starting at 6480
	Ending at 6615

======================
Node: ip-AC12540A
Rank: 60
	Starting at 8100
	Ending at 8235

======================
Node: ip-AC12540A
Rank: 57
	Starting at 7695
	Ending at 7830

======================
Node: ip-AC12540A
Rank: 61
	Starting at 8235
	Ending at 8370

======================
Node: ip-AC12540A
Rank: 54
	Starting at 7290
	Ending at 7425

======================
Node: ip-AC12540A
Rank: 55
	Starting at 7425
	Ending at 7560

======================
Node: ip-AC12540A
Rank: 64
	Starting at 8640
	Ending at 8775

======================
Node: ip-AC12540A
Rank: 63
	Starting at 8505
	Ending at 8640

======================
Node: ip-AC12540A
Rank: 51
	Starting at 6885
	Ending at 7020

======================
Node: ip-AC12540A
Rank: 58
	Starting at 7830
	Ending at 7965

======================
Node: ip-AC12540A
Rank: 52
	Starting at 7020
	Ending at 7155

======================
Node: ip-AC12540A
Rank: 49
	Starting at 6615
	Ending at 6750

======================
Node: ip-AC12540A
Rank: 56
	Starting at 7560
	Ending at 7695

======================
Node: ip-AC12540A
Rank: 62
	Starting at 8370
	Ending at 8505

======================
Node: ip-AC12540A
Rank: 53
	Starting at 7155
	Ending at 7290

======================
Node: ip-AC12540A
Rank: 45
	Starting at 6075
	Ending at 6210

======================
Node: ip-AC12540A
Rank: 46
	Starting at 6210
	Ending at 6345

======================
Node: ip-AC12540A
Rank: 59
	Starting at 7965
	Ending at 8100

======================
Node: ip-AC12540A
Rank: 65
	Starting at 8775
	Ending at 8910

======================
Node: ip-AC12540A
Rank: 47
	Starting at 6345
	Ending at 6480

======================
Node: ip-AC12540A
Rank: 50
	Starting at 6750
	Ending at 6885

======================
Node: ip-AC12540A
Rank: 44
	Starting at 5940
	Ending at 6075

======================
Node: ip-AC12540A
Rank: 72
	Starting at 9720
	Ending at 9855

======================
Node: ip-AC12540A
Rank: 76
	Starting at 10260
	Ending at 10395

======================
Node: ip-AC12540A
Rank: 86
	Starting at 11610
	Ending at 11745

======================
Node: ip-AC12540A
Rank: 78
	Starting at 10530
	Ending at 10665

======================
Node: ip-AC12540A
Rank: 77
	Starting at 10395
	Ending at 10530

======================
Node: ip-AC12540A
Rank: 85
	Starting at 11475
	Ending at 11610

======================
Node: ip-AC12540A
Rank: 73
	Starting at 9855
	Ending at 9990

======================
Node: ip-AC12540A
Rank: 83
	Starting at 11205
	Ending at 11340

======================
Node: ip-AC12540A
Rank: 80
	Starting at 10800
	Ending at 10935

======================
Node: ip-AC12540A
Rank: 87
	Starting at 11745
	Ending at 11880

======================
Node: ip-AC12540A
Rank: 66
	Starting at 8910
	Ending at 9045

======================
Node: ip-AC12540A
Rank: 67
	Starting at 9045
	Ending at 9180

======================
Node: ip-AC12540A
Rank: 84
	Starting at 11340
	Ending at 11475

======================
Node: ip-AC12540A
Rank: 82
	Starting at 11070
	Ending at 11205

======================
Node: ip-AC12540A
Rank: 74
	Starting at 9990
	Ending at 10125

======================
Node: ip-AC12540A
Rank: 75
	Starting at 10125
	Ending at 10260

======================
Node: ip-AC12540A
Rank: 70
	Starting at 9450
	Ending at 9585

======================
Node: ip-AC12540A
Rank: 79
	Starting at 10665
	Ending at 10800

======================
Node: ip-AC12540A
Rank: 81
	Starting at 10935
	Ending at 11070

======================
Node: ip-AC12540A
Rank: 69
	Starting at 9315
	Ending at 9450

======================
Node: ip-AC12540A
Rank: 71
	Starting at 9585
	Ending at 9720

======================
Node: ip-AC12540A
Rank: 68
	Starting at 9180
	Ending at 9315

======================
Node: ip-AC125409
Rank: 0
	Time taken 223.529234

================================
