Node: ip-AC125406
Rank: 30
	Starting at 3052
	Ending at 3153

======================
Node: ip-AC125409
Rank: 97
	Starting at 9819
	Ending at 9920

======================
Node: ip-AC125409
Rank: 95
	Starting at 9617
	Ending at 9718

======================
Node: ip-AC125406
Rank: 32
	Starting at 3254
	Ending at 3355

======================
Node: ip-AC125407
Rank: 77
	Starting at 7799
	Ending at 7900

======================
Node: ip-AC125409
Rank: 122
	Starting at 12344
	Ending at 12445

======================
Node: ip-AC125407
Rank: 76
	Starting at 7698
	Ending at 7799

======================
Node: ip-AC125409
Rank: 102
	Starting at 10324
	Ending at 10425

======================
Node: ip-AC125406
Rank: 27
	Starting at 2749
	Ending at 2850

======================
Node: ip-AC125407
Rank: 86
	Starting at 8708
	Ending at 8809

======================
Node: ip-AC125406
Rank: 43
	Starting at 4365
	Ending at 4466

======================
Node: ip-AC125407
Rank: 74
	Starting at 7496
	Ending at 7597

======================
Node: ip-AC125406
Rank: 29
	Starting at 2951
	Ending at 3052

======================
Node: ip-AC125407
Rank: 80
	Starting at 8102
	Ending at 8203

======================
Node: ip-AC125406
Rank: 23
	Starting at 2345
	Ending at 2446

======================
Node: ip-AC125407
Rank: 78
	Starting at 7900
	Ending at 8001

======================
Node: ip-AC125407
Rank: 82
	Starting at 8304
	Ending at 8405

======================
Node: ip-AC125407
Rank: 67
	Starting at 6789
	Ending at 6890

======================
Node: ip-AC125409
Rank: 98
	Starting at 9920
	Ending at 10021

======================
Node: ip-AC125406
Rank: 35
	Starting at 3557
	Ending at 3658

======================
Node: ip-AC125407
Rank: 79
	Starting at 8001
	Ending at 8102

======================
Node: ip-AC125409
Rank: 89
	Starting at 9011
	Ending at 9112

======================
Node: ip-AC125406
Rank: 41
	Starting at 4163
	Ending at 4264

======================
Node: ip-AC125407
Rank: 71
	Starting at 7193
	Ending at 7294

======================
Node: ip-AC125409
Rank: 91
	Starting at 9213
	Ending at 9314

======================
Node: ip-AC125406
Rank: 33
	Starting at 3355
	Ending at 3456

======================
Node: ip-AC125407
Rank: 75
	Starting at 7597
	Ending at 7698

======================
Node: ip-AC125409
Rank: 120
	Starting at 12142
	Ending at 12243

======================
Node: ip-AC125406
Rank: 26
	Starting at 2648
	Ending at 2749

======================
Node: ip-AC125407
Rank: 87
	Starting at 8809
	Ending at 8910

======================
Node: ip-AC125409
Rank: 103
	Starting at 10425
	Ending at 10526

======================
Node: ip-AC125406
Rank: 25
	Starting at 2547
	Ending at 2648

======================
Node: ip-AC125407
Rank: 66
	Starting at 6688
	Ending at 6789

======================
Node: ip-AC125409
Rank: 105
	Starting at 10627
	Ending at 10728

======================
Node: ip-AC125406
Rank: 34
	Starting at 3456
	Ending at 3557

======================
Node: ip-AC125409
Rank: 104
	Starting at 10526
	Ending at 10627

======================
Node: ip-AC125406
Rank: 39
	Starting at 3961
	Ending at 4062

======================
Node: ip-AC125409
Rank: 96
	Starting at 9718
	Ending at 9819

======================
Node: ip-AC125406
Rank: 22
	Starting at 2244
	Ending at 2345

======================
Node: ip-AC125409
Rank: 108
	Starting at 10930
	Ending at 11031

======================
Node: ip-AC125406
Rank: 42
	Starting at 4264
	Ending at 4365

======================
Node: ip-AC125409
Rank: 126
	Starting at 12748
	Ending at 12849

======================
Node: ip-AC125406
Rank: 38
	Starting at 3860
	Ending at 3961

======================
Node: ip-AC125409
Rank: 119
	Starting at 12041
	Ending at 12142

======================
Node: ip-AC125407
Rank: 68
	Starting at 6890
	Ending at 6991

======================
Node: ip-AC125406
Rank: 36
	Starting at 3658
	Ending at 3759

======================
Node: ip-AC125409
Rank: 124
	Starting at 12546
	Ending at 12647

======================
Node: ip-AC125407
Rank: 83
	Starting at 8405
	Ending at 8506

======================
Node: ip-AC125406
Rank: 28
	Starting at 2850
	Ending at 2951

======================
Node: ip-AC125409
Rank: 101
	Starting at 10223
	Ending at 10324

======================
Node: ip-AC125407
Rank: 84
	Starting at 8506
	Ending at 8607

======================
Node: ip-AC125406
Rank: 37
	Starting at 3759
	Ending at 3860

======================
Node: ip-AC125409
Rank: 100
	Starting at 10122
	Ending at 10223

======================
Node: ip-AC125406
Rank: 40
	Starting at 4062
	Ending at 4163

======================
Node: ip-AC125409
Rank: 127
	Starting at 12849
	Ending at 12950

======================
Node: ip-AC125406
Rank: 31
	Starting at 3153
	Ending at 3254

======================
Node: ip-AC125409
Rank: 92
	Starting at 9314
	Ending at 9415

======================
Node: ip-AC125409
Rank: 130
	Starting at 13152
	Ending at 13253

======================
Node: ip-AC125409
Rank: 110
	Starting at 11132
	Ending at 11233

======================
Node: ip-AC125409
Rank: 115
	Starting at 11637
	Ending at 11738

======================
Node: ip-AC125409
Rank: 109
	Starting at 11031
	Ending at 11132

======================
Node: ip-AC125409
Rank: 121
	Starting at 12243
	Ending at 12344

======================
Node: ip-AC125407
Rank: 69
	Starting at 6991
	Ending at 7092

======================
Node: ip-AC125409
Rank: 94
	Starting at 9516
	Ending at 9617

======================
Node: ip-AC125407
Rank: 85
	Starting at 8607
	Ending at 8708

======================
Node: ip-AC125409
Rank: 114
	Starting at 11536
	Ending at 11637

======================
Node: ip-AC125407
Rank: 72
	Starting at 7294
	Ending at 7395

======================
Node: ip-AC125409
Rank: 99
	Starting at 10021
	Ending at 10122

======================
Node: ip-AC125407
Rank: 81
	Starting at 8203
	Ending at 8304

======================
Node: ip-AC125409
Rank: 116
	Starting at 11738
	Ending at 11839

======================
Node: ip-AC125409
Rank: 106
	Starting at 10728
	Ending at 10829

======================
Node: ip-AC125409
Rank: 112
	Starting at 11334
	Ending at 11435

======================
Node: ip-AC125409
Rank: 107
	Starting at 10829
	Ending at 10930

======================
Node: ip-AC125409
Rank: 118
	Starting at 11940
	Ending at 12041

======================
Node: ip-AC125409
Rank: 131
	Starting at 13253
	Ending at 13354

======================
Node: ip-AC125407
Rank: 73
	Starting at 7395
	Ending at 7496

======================
Node: ip-AC125409
Rank: 125
	Starting at 12647
	Ending at 12748

======================
Node: ip-AC125409
Rank: 129
	Starting at 13051
	Ending at 13152

======================
Node: ip-AC125409
Rank: 128
	Starting at 12950
	Ending at 13051

======================
Node: ip-AC125409
Rank: 123
	Starting at 12445
	Ending at 12546

======================
Node: ip-AC125409
Rank: 111
	Starting at 11233
	Ending at 11334

======================
Node: ip-AC125409
Rank: 90
	Starting at 9112
	Ending at 9213

======================
Node: ip-AC125409
Rank: 93
	Starting at 9415
	Ending at 9516

======================
Node: ip-AC125407
Rank: 70
	Starting at 7092
	Ending at 7193

======================
Node: ip-AC125406
Rank: 24
	Starting at 2446
	Ending at 2547

======================
Node: ip-AC125409
Rank: 113
	Starting at 11435
	Ending at 11536

======================
Node: ip-AC125409
Rank: 88
	Starting at 8910
	Ending at 9011

======================
Node: ip-AC125409
Rank: 117
	Starting at 11839
	Ending at 11940

======================
Node: ip-AC125406
Rank: 0
	Starting at 0
	Ending at 102

======================
Node: ip-AC125406
Rank: 21
	Starting at 2142
	Ending at 2244

======================
Node: ip-AC12540A
Rank: 145
	Starting at 14667
	Ending at 14768

======================
Node: ip-AC125406
Rank: 5
	Starting at 510
	Ending at 612

======================
Node: ip-AC125406
Rank: 20
	Starting at 2040
	Ending at 2142

======================
Node: ip-AC125406
Rank: 13
	Starting at 1326
	Ending at 1428

======================
Node: ip-AC125406
Rank: 11
	Starting at 1122
	Ending at 1224

======================
Node: ip-AC12540A
Rank: 143
	Starting at 14465
	Ending at 14566

======================
Node: ip-AC125406
Rank: 7
	Starting at 714
	Ending at 816

======================
Node: ip-AC12540A
Rank: 151
	Starting at 15273
	Ending at 15374

======================
Node: ip-AC125406
Rank: 19
	Starting at 1938
	Ending at 2040

======================
Node: ip-AC12540A
Rank: 139
	Starting at 14061
	Ending at 14162

======================
Node: ip-AC125406
Rank: 14
	Starting at 1428
	Ending at 1530

======================
Node: ip-AC12540A
Rank: 137
	Starting at 13859
	Ending at 13960

======================
Node: ip-AC125406
Rank: 2
	Starting at 204
	Ending at 306

======================
Node: ip-AC125406
Rank: 8
	Starting at 816
	Ending at 918

======================
Node: ip-AC125406
Rank: 17
	Starting at 1734
	Ending at 1836

======================
Node: ip-AC125406
Rank: 12
	Starting at 1224
	Ending at 1326

======================
Node: ip-AC125406
Rank: 6
	Starting at 612
	Ending at 714

======================
Node: ip-AC125406
Rank: 10
	Starting at 1020
	Ending at 1122

======================
Node: ip-AC12540A
Rank: 138
	Starting at 13960
	Ending at 14061

======================
Node: ip-AC125406
Rank: 15
	Starting at 1530
	Ending at 1632

======================
Node: ip-AC12540A
Rank: 149
	Starting at 15071
	Ending at 15172

======================
Node: ip-AC125406
Rank: 16
	Starting at 1632
	Ending at 1734

======================
Node: ip-AC12540A
Rank: 146
	Starting at 14768
	Ending at 14869

======================
Node: ip-AC125406
Rank: 1
	Starting at 102
	Ending at 204

======================
Node: ip-AC12540A
Rank: 142
	Starting at 14364
	Ending at 14465

======================
Node: ip-AC125406
Rank: 4
	Starting at 408
	Ending at 510

======================
Node: ip-AC12540A
Rank: 152
	Starting at 15374
	Ending at 15475

======================
Node: ip-AC125406
Rank: 18
	Starting at 1836
	Ending at 1938

======================
Node: ip-AC12540A
Rank: 134
	Starting at 13556
	Ending at 13657

======================
Node: ip-AC12540A
Rank: 144
	Starting at 14566
	Ending at 14667

======================
Node: ip-AC12540A
Rank: 141
	Starting at 14263
	Ending at 14364

======================
Node: ip-AC12540A
Rank: 153
	Starting at 15475
	Ending at 15576

======================
Node: ip-AC12540A
Rank: 133
	Starting at 13455
	Ending at 13556

======================
Node: ip-AC12540A
Rank: 150
	Starting at 15172
	Ending at 15273

======================
Node: ip-AC12540A
Rank: 136
	Starting at 13758
	Ending at 13859

======================
Node: ip-AC12540A
Rank: 148
	Starting at 14970
	Ending at 15071

======================
Node: ip-AC12540A
Rank: 140
	Starting at 14162
	Ending at 14263

======================
Node: ip-AC125406
Rank: 3
	Starting at 306
	Ending at 408

======================
Node: ip-AC12540A
Rank: 147
	Starting at 14869
	Ending at 14970

======================
Node: ip-AC125406
Rank: 9
	Starting at 918
	Ending at 1020

======================
Node: ip-AC12540A
Rank: 132
	Starting at 13354
	Ending at 13455

======================
Node: ip-AC12540A
Rank: 135
	Starting at 13657
	Ending at 13758

======================
Node: ip-AC125407
Rank: 54
	Starting at 5476
	Ending at 5577

======================
Node: ip-AC125407
Rank: 48
	Starting at 4870
	Ending at 4971

======================
Node: ip-AC125407
Rank: 60
	Starting at 6082
	Ending at 6183

======================
Node: ip-AC125407
Rank: 51
	Starting at 5173
	Ending at 5274

======================
Node: ip-AC125407
Rank: 52
	Starting at 5274
	Ending at 5375

======================
Node: ip-AC125407
Rank: 63
	Starting at 6385
	Ending at 6486

======================
Node: ip-AC125407
Rank: 53
	Starting at 5375
	Ending at 5476

======================
Node: ip-AC125407
Rank: 65
	Starting at 6587
	Ending at 6688

======================
Node: ip-AC125407
Rank: 56
	Starting at 5678
	Ending at 5779

======================
Node: ip-AC125407
Rank: 58
	Starting at 5880
	Ending at 5981

======================
Node: ip-AC125407
Rank: 57
	Starting at 5779
	Ending at 5880

======================
Node: ip-AC125407
Rank: 49
	Starting at 4971
	Ending at 5072

======================
Node: ip-AC125407
Rank: 55
	Starting at 5577
	Ending at 5678

======================
Node: ip-AC125407
Rank: 61
	Starting at 6183
	Ending at 6284

======================
Node: ip-AC125407
Rank: 47
	Starting at 4769
	Ending at 4870

======================
Node: ip-AC125407
Rank: 64
	Starting at 6486
	Ending at 6587

======================
Node: ip-AC125407
Rank: 62
	Starting at 6284
	Ending at 6385

======================
Node: ip-AC125407
Rank: 59
	Starting at 5981
	Ending at 6082

======================
Node: ip-AC125407
Rank: 50
	Starting at 5072
	Ending at 5173

======================
Node: ip-AC125407
Rank: 46
	Starting at 4668
	Ending at 4769

======================
Node: ip-AC125407
Rank: 45
	Starting at 4567
	Ending at 4668

======================
Node: ip-AC125407
Rank: 44
	Starting at 4466
	Ending at 4567

======================
Node: ip-AC12540A
Rank: 164
	Starting at 16586
	Ending at 16687

======================
Node: ip-AC12540A
Rank: 169
	Starting at 17091
	Ending at 17192

======================
Node: ip-AC12540A
Rank: 155
	Starting at 15677
	Ending at 15778

======================
Node: ip-AC12540A
Rank: 170
	Starting at 17192
	Ending at 17293

======================
Node: ip-AC12540A
Rank: 161
	Starting at 16283
	Ending at 16384

======================
Node: ip-AC12540A
Rank: 154
	Starting at 15576
	Ending at 15677

======================
Node: ip-AC12540A
Rank: 168
	Starting at 16990
	Ending at 17091

======================
Node: ip-AC12540A
Rank: 160
	Starting at 16182
	Ending at 16283

======================
Node: ip-AC12540A
Rank: 162
	Starting at 16384
	Ending at 16485

======================
Node: ip-AC12540A
Rank: 173
	Starting at 17495
	Ending at 17596

======================
Node: ip-AC12540A
Rank: 166
	Starting at 16788
	Ending at 16889

======================
Node: ip-AC12540A
Rank: 174
	Starting at 17596
	Ending at 17697

======================
Node: ip-AC12540A
Rank: 159
	Starting at 16081
	Ending at 16182

======================
Node: ip-AC12540A
Rank: 157
	Starting at 15879
	Ending at 15980

======================
Node: ip-AC12540A
Rank: 172
	Starting at 17394
	Ending at 17495

======================
Node: ip-AC12540A
Rank: 156
	Starting at 15778
	Ending at 15879

======================
Node: ip-AC12540A
Rank: 165
	Starting at 16687
	Ending at 16788

======================
Node: ip-AC12540A
Rank: 158
	Starting at 15980
	Ending at 16081

======================
Node: ip-AC12540A
Rank: 175
	Starting at 17697
	Ending at 17798

======================
Node: ip-AC12540A
Rank: 171
	Starting at 17293
	Ending at 17394

======================
Node: ip-AC12540A
Rank: 167
	Starting at 16889
	Ending at 16990

======================
Node: ip-AC12540A
Rank: 163
	Starting at 16485
	Ending at 16586

======================
Node: ip-AC125406
Rank: 0
	Time taken 177.977907

================================
