Node: ip-AC125409
Rank: 43
	Starting at 8708
	Ending at 8910

======================
Node: ip-AC125409
Rank: 32
	Starting at 6486
	Ending at 6688

======================
Node: ip-AC125409
Rank: 40
	Starting at 8102
	Ending at 8304

======================
Node: ip-AC125409
Rank: 27
	Starting at 5476
	Ending at 5678

======================
Node: ip-AC125409
Rank: 42
	Starting at 8506
	Ending at 8708

======================
Node: ip-AC125409
Rank: 37
	Starting at 7496
	Ending at 7698

======================
Node: ip-AC125409
Rank: 35
	Starting at 7092
	Ending at 7294

======================
Node: ip-AC125409
Rank: 26
	Starting at 5274
	Ending at 5476

======================
Node: ip-AC125409
Rank: 33
	Starting at 6688
	Ending at 6890

======================
Node: ip-AC125409
Rank: 28
	Starting at 5678
	Ending at 5880

======================
Node: ip-AC125409
Rank: 29
	Starting at 5880
	Ending at 6082

======================
Node: ip-AC125409
Rank: 36
	Starting at 7294
	Ending at 7496

======================
Node: ip-AC125409
Rank: 38
	Starting at 7698
	Ending at 7900

======================
Node: ip-AC125409
Rank: 34
	Starting at 6890
	Ending at 7092

======================
Node: ip-AC125409
Rank: 23
	Starting at 4668
	Ending at 4870

======================
Node: ip-AC125409
Rank: 41
	Starting at 8304
	Ending at 8506

======================
Node: ip-AC125409
Rank: 24
	Starting at 4870
	Ending at 5072

======================
Node: ip-AC125409
Rank: 39
	Starting at 7900
	Ending at 8102

======================
Node: ip-AC125409
Rank: 25
	Starting at 5072
	Ending at 5274

======================
Node: ip-AC125409
Rank: 22
	Starting at 4466
	Ending at 4668

======================
Node: ip-AC125409
Rank: 31
	Starting at 6284
	Ending at 6486

======================
Node: ip-AC125409
Rank: 30
	Starting at 6082
	Ending at 6284

======================
Node: ip-AC125409
Rank: 20
	Starting at 4060
	Ending at 4263

======================
Node: ip-AC125409
Rank: 21
	Starting at 4263
	Ending at 4466

======================
Node: ip-AC125409
Rank: 12
	Starting at 2436
	Ending at 2639

======================
Node: ip-AC125409
Rank: 19
	Starting at 3857
	Ending at 4060

======================
Node: ip-AC125409
Rank: 9
	Starting at 1827
	Ending at 2030

======================
Node: ip-AC125409
Rank: 18
	Starting at 3654
	Ending at 3857

======================
Node: ip-AC125409
Rank: 10
	Starting at 2030
	Ending at 2233

======================
Node: ip-AC125409
Rank: 16
	Starting at 3248
	Ending at 3451

======================
Node: ip-AC125409
Rank: 8
	Starting at 1624
	Ending at 1827

======================
Node: ip-AC125409
Rank: 6
	Starting at 1218
	Ending at 1421

======================
Node: ip-AC125409
Rank: 7
	Starting at 1421
	Ending at 1624

======================
Node: ip-AC125409
Rank: 17
	Starting at 3451
	Ending at 3654

======================
Node: ip-AC125409
Rank: 4
	Starting at 812
	Ending at 1015

======================
Node: ip-AC125409
Rank: 2
	Starting at 406
	Ending at 609

======================
Node: ip-AC125409
Rank: 14
	Starting at 2842
	Ending at 3045

======================
Node: ip-AC125409
Rank: 11
	Starting at 2233
	Ending at 2436

======================
Node: ip-AC125409
Rank: 5
	Starting at 1015
	Ending at 1218

======================
Node: ip-AC125409
Rank: 15
	Starting at 3045
	Ending at 3248

======================
Node: ip-AC125409
Rank: 1
	Starting at 203
	Ending at 406

======================
Node: ip-AC125409
Rank: 13
	Starting at 2639
	Ending at 2842

======================
Node: ip-AC125409
Rank: 3
	Starting at 609
	Ending at 812

======================
Node: ip-AC125409
Rank: 0
	Starting at 0
	Ending at 203

======================
Node: ip-AC12540A
Rank: 63
	Starting at 12748
	Ending at 12950

======================
Node: ip-AC12540A
Rank: 58
	Starting at 11738
	Ending at 11940

======================
Node: ip-AC12540A
Rank: 62
	Starting at 12546
	Ending at 12748

======================
Node: ip-AC12540A
Rank: 60
	Starting at 12142
	Ending at 12344

======================
Node: ip-AC12540A
Rank: 59
	Starting at 11940
	Ending at 12142

======================
Node: ip-AC12540A
Rank: 49
	Starting at 9920
	Ending at 10122

======================
Node: ip-AC12540A
Rank: 52
	Starting at 10526
	Ending at 10728

======================
Node: ip-AC12540A
Rank: 46
	Starting at 9314
	Ending at 9516

======================
Node: ip-AC12540A
Rank: 56
	Starting at 11334
	Ending at 11536

======================
Node: ip-AC12540A
Rank: 65
	Starting at 13152
	Ending at 13354

======================
Node: ip-AC12540A
Rank: 64
	Starting at 12950
	Ending at 13152

======================
Node: ip-AC12540A
Rank: 50
	Starting at 10122
	Ending at 10324

======================
Node: ip-AC12540A
Rank: 57
	Starting at 11536
	Ending at 11738

======================
Node: ip-AC12540A
Rank: 47
	Starting at 9516
	Ending at 9718

======================
Node: ip-AC12540A
Rank: 54
	Starting at 10930
	Ending at 11132

======================
Node: ip-AC12540A
Rank: 55
	Starting at 11132
	Ending at 11334

======================
Node: ip-AC12540A
Rank: 51
	Starting at 10324
	Ending at 10526

======================
Node: ip-AC12540A
Rank: 53
	Starting at 10728
	Ending at 10930

======================
Node: ip-AC12540A
Rank: 61
	Starting at 12344
	Ending at 12546

======================
Node: ip-AC12540A
Rank: 45
	Starting at 9112
	Ending at 9314

======================
Node: ip-AC12540A
Rank: 48
	Starting at 9718
	Ending at 9920

======================
Node: ip-AC12540A
Rank: 44
	Starting at 8910
	Ending at 9112

======================
Node: ip-AC12540A
Rank: 80
	Starting at 16182
	Ending at 16384

======================
Node: ip-AC12540A
Rank: 86
	Starting at 17394
	Ending at 17596

======================
Node: ip-AC12540A
Rank: 87
	Starting at 17596
	Ending at 17798

======================
Node: ip-AC12540A
Rank: 79
	Starting at 15980
	Ending at 16182

======================
Node: ip-AC12540A
Rank: 85
	Starting at 17192
	Ending at 17394

======================
Node: ip-AC12540A
Rank: 78
	Starting at 15778
	Ending at 15980

======================
Node: ip-AC12540A
Rank: 84
	Starting at 16990
	Ending at 17192

======================
Node: ip-AC12540A
Rank: 71
	Starting at 14364
	Ending at 14566

======================
Node: ip-AC12540A
Rank: 81
	Starting at 16384
	Ending at 16586

======================
Node: ip-AC12540A
Rank: 83
	Starting at 16788
	Ending at 16990

======================
Node: ip-AC12540A
Rank: 68
	Starting at 13758
	Ending at 13960

======================
Node: ip-AC12540A
Rank: 82
	Starting at 16586
	Ending at 16788

======================
Node: ip-AC12540A
Rank: 72
	Starting at 14566
	Ending at 14768

======================
Node: ip-AC12540A
Rank: 67
	Starting at 13556
	Ending at 13758

======================
Node: ip-AC12540A
Rank: 73
	Starting at 14768
	Ending at 14970

======================
Node: ip-AC12540A
Rank: 77
	Starting at 15576
	Ending at 15778

======================
Node: ip-AC12540A
Rank: 70
	Starting at 14162
	Ending at 14364

======================
Node: ip-AC12540A
Rank: 66
	Starting at 13354
	Ending at 13556

======================
Node: ip-AC12540A
Rank: 75
	Starting at 15172
	Ending at 15374

======================
Node: ip-AC12540A
Rank: 74
	Starting at 14970
	Ending at 15172

======================
Node: ip-AC12540A
Rank: 76
	Starting at 15374
	Ending at 15576

======================
Node: ip-AC12540A
Rank: 69
	Starting at 13960
	Ending at 14162

======================
Node: ip-AC125409
Rank: 0
	Time taken 317.364395

================================
