Node: ip-AC125407
Rank: 41
	Starting at 16586
	Ending at 16990

======================
Node: ip-AC125407
Rank: 36
	Starting at 14566
	Ending at 14970

======================
Node: ip-AC125407
Rank: 26
	Starting at 10526
	Ending at 10930

======================
Node: ip-AC125407
Rank: 38
	Starting at 15374
	Ending at 15778

======================
Node: ip-AC125407
Rank: 23
	Starting at 9314
	Ending at 9718

======================
Node: ip-AC125407
Rank: 29
	Starting at 11738
	Ending at 12142

======================
Node: ip-AC125407
Rank: 40
	Starting at 16182
	Ending at 16586

======================
Node: ip-AC125407
Rank: 28
	Starting at 11334
	Ending at 11738

======================
Node: ip-AC125407
Rank: 37
	Starting at 14970
	Ending at 15374

======================
Node: ip-AC125407
Rank: 43
	Starting at 17394
	Ending at 17798

======================
Node: ip-AC125407
Rank: 35
	Starting at 14162
	Ending at 14566

======================
Node: ip-AC125407
Rank: 42
	Starting at 16990
	Ending at 17394

======================
Node: ip-AC125407
Rank: 33
	Starting at 13354
	Ending at 13758

======================
Node: ip-AC125407
Rank: 25
	Starting at 10122
	Ending at 10526

======================
Node: ip-AC125407
Rank: 39
	Starting at 15778
	Ending at 16182

======================
Node: ip-AC125407
Rank: 34
	Starting at 13758
	Ending at 14162

======================
Node: ip-AC125407
Rank: 22
	Starting at 8910
	Ending at 9314

======================
Node: ip-AC125407
Rank: 31
	Starting at 12546
	Ending at 12950

======================
Node: ip-AC125407
Rank: 27
	Starting at 10930
	Ending at 11334

======================
Node: ip-AC125407
Rank: 30
	Starting at 12142
	Ending at 12546

======================
Node: ip-AC125407
Rank: 24
	Starting at 9718
	Ending at 10122

======================
Node: ip-AC125407
Rank: 32
	Starting at 12950
	Ending at 13354

======================
Node: ip-AC125407
Rank: 11
	Starting at 4455
	Ending at 4860

======================
Node: ip-AC125407
Rank: 10
	Starting at 4050
	Ending at 4455

======================
Node: ip-AC125407
Rank: 13
	Starting at 5265
	Ending at 5670

======================
Node: ip-AC125407
Rank: 17
	Starting at 6885
	Ending at 7290

======================
Node: ip-AC125407
Rank: 16
	Starting at 6480
	Ending at 6885

======================
Node: ip-AC125407
Rank: 15
	Starting at 6075
	Ending at 6480

======================
Node: ip-AC125407
Rank: 7
	Starting at 2835
	Ending at 3240

======================
Node: ip-AC125407
Rank: 4
	Starting at 1620
	Ending at 2025

======================
Node: ip-AC125407
Rank: 20
	Starting at 8100
	Ending at 8505

======================
Node: ip-AC125407
Rank: 8
	Starting at 3240
	Ending at 3645

======================
Node: ip-AC125407
Rank: 21
	Starting at 8505
	Ending at 8910

======================
Node: ip-AC125407
Rank: 12
	Starting at 4860
	Ending at 5265

======================
Node: ip-AC125407
Rank: 6
	Starting at 2430
	Ending at 2835

======================
Node: ip-AC125407
Rank: 19
	Starting at 7695
	Ending at 8100

======================
Node: ip-AC125407
Rank: 14
	Starting at 5670
	Ending at 6075

======================
Node: ip-AC125407
Rank: 5
	Starting at 2025
	Ending at 2430

======================
Node: ip-AC125407
Rank: 18
	Starting at 7290
	Ending at 7695

======================
Node: ip-AC125407
Rank: 2
	Starting at 810
	Ending at 1215

======================
Node: ip-AC125407
Rank: 3
	Starting at 1215
	Ending at 1620

======================
Node: ip-AC125407
Rank: 1
	Starting at 405
	Ending at 810

======================
Node: ip-AC125407
Rank: 0
	Starting at 0
	Ending at 405

======================
Node: ip-AC125407
Rank: 9
	Starting at 3645
	Ending at 4050

======================
Node: ip-AC125407
Rank: 0
	Time taken 740.988694

================================
