Node: ip-AC125409
Rank: 17
	Starting at 170
	Ending at 180

======================
Node: ip-AC12540F
Rank: 99
	Starting at 990
	Ending at 1000

======================
Node: ip-AC12540A
Rank: 75
	Starting at 750
	Ending at 760

======================
Node: ip-AC12540B
Rank: 154
	Starting at 1540
	Ending at 1550

======================
Node: ip-AC125409
Rank: 43
	Starting at 430
	Ending at 440

======================
Node: ip-AC12540F
Rank: 112
	Starting at 1120
	Ending at 1130

======================
Node: ip-AC12540A
Rank: 63
	Starting at 630
	Ending at 640

======================
Node: ip-AC12540B
Rank: 143
	Starting at 1430
	Ending at 1440

======================
Node: ip-AC125409
Rank: 9
	Starting at 90
	Ending at 100

======================
Node: ip-AC12540F
Rank: 110
	Starting at 1100
	Ending at 1110

======================
Node: ip-AC12540A
Rank: 82
	Starting at 820
	Ending at 830

======================
Node: ip-AC12540B
Rank: 175
	Starting at 1750
	Ending at 1760

======================
Node: ip-AC125409
Rank: 0
	Starting at 0
	Ending at 10

======================
Node: ip-AC12540F
Rank: 113
	Starting at 1130
	Ending at 1140

======================
Node: ip-AC12540A
Rank: 58
	Starting at 580
	Ending at 590

======================
Node: ip-AC12540B
Rank: 137
	Starting at 1370
	Ending at 1380

======================
Node: ip-AC125409
Rank: 29
	Starting at 290
	Ending at 300

======================
Node: ip-AC12540F
Rank: 94
	Starting at 940
	Ending at 950

======================
Node: ip-AC12540A
Rank: 68
	Starting at 680
	Ending at 690

======================
Node: ip-AC12540B
Rank: 133
	Starting at 1330
	Ending at 1340

======================
Node: ip-AC125409
Rank: 16
	Starting at 160
	Ending at 170

======================
Node: ip-AC12540F
Rank: 131
	Starting at 1310
	Ending at 1320

======================
Node: ip-AC12540A
Rank: 48
	Starting at 480
	Ending at 490

======================
Node: ip-AC12540B
Rank: 155
	Starting at 1550
	Ending at 1560

======================
Node: ip-AC125409
Rank: 33
	Starting at 330
	Ending at 340

======================
Node: ip-AC12540F
Rank: 106
	Starting at 1060
	Ending at 1070

======================
Node: ip-AC12540A
Rank: 72
	Starting at 720
	Ending at 730

======================
Node: ip-AC12540B
Rank: 173
	Starting at 1730
	Ending at 1740

======================
Node: ip-AC125409
Rank: 34
	Starting at 340
	Ending at 350

======================
Node: ip-AC12540F
Rank: 117
	Starting at 1170
	Ending at 1180

======================
Node: ip-AC12540A
Rank: 80
	Starting at 800
	Ending at 810

======================
Node: ip-AC12540B
Rank: 132
	Starting at 1320
	Ending at 1330

======================
Node: ip-AC125409
Rank: 35
	Starting at 350
	Ending at 360

======================
Node: ip-AC12540F
Rank: 100
	Starting at 1000
	Ending at 1010

======================
Node: ip-AC12540A
Rank: 61
	Starting at 610
	Ending at 620

======================
Node: ip-AC12540B
Rank: 153
	Starting at 1530
	Ending at 1540

======================
Node: ip-AC125409
Rank: 22
	Starting at 220
	Ending at 230

======================
Node: ip-AC12540F
Rank: 115
	Starting at 1150
	Ending at 1160

======================
Node: ip-AC12540A
Rank: 78
	Starting at 780
	Ending at 790

======================
Node: ip-AC12540B
Rank: 165
	Starting at 1650
	Ending at 1660

======================
Node: ip-AC125409
Rank: 23
	Starting at 230
	Ending at 240

======================
Node: ip-AC12540F
Rank: 107
	Starting at 1070
	Ending at 1080

======================
Node: ip-AC12540A
Rank: 74
	Starting at 740
	Ending at 750

======================
Node: ip-AC12540B
Rank: 158
	Starting at 1580
	Ending at 1590

======================
Node: ip-AC125409
Rank: 2
	Starting at 20
	Ending at 30

======================
Node: ip-AC12540F
Rank: 111
	Starting at 1110
	Ending at 1120

======================
Node: ip-AC12540A
Rank: 59
	Starting at 590
	Ending at 600

======================
Node: ip-AC12540B
Rank: 157
	Starting at 1570
	Ending at 1580

======================
Node: ip-AC125409
Rank: 1
	Starting at 10
	Ending at 20

======================
Node: ip-AC12540F
Rank: 123
	Starting at 1230
	Ending at 1240

======================
Node: ip-AC12540A
Rank: 86
	Starting at 860
	Ending at 870

======================
Node: ip-AC12540B
Rank: 146
	Starting at 1460
	Ending at 1470

======================
Node: ip-AC125409
Rank: 25
	Starting at 250
	Ending at 260

======================
Node: ip-AC12540F
Rank: 118
	Starting at 1180
	Ending at 1190

======================
Node: ip-AC12540A
Rank: 50
	Starting at 500
	Ending at 510

======================
Node: ip-AC12540B
Rank: 151
	Starting at 1510
	Ending at 1520

======================
Node: ip-AC125409
Rank: 26
	Starting at 260
	Ending at 270

======================
Node: ip-AC12540F
Rank: 89
	Starting at 890
	Ending at 900

======================
Node: ip-AC12540A
Rank: 83
	Starting at 830
	Ending at 840

======================
Node: ip-AC12540B
Rank: 142
	Starting at 1420
	Ending at 1430

======================
Node: ip-AC125409
Rank: 24
	Starting at 240
	Ending at 250

======================
Node: ip-AC12540F
Rank: 127
	Starting at 1270
	Ending at 1280

======================
Node: ip-AC12540A
Rank: 65
	Starting at 650
	Ending at 660

======================
Node: ip-AC12540B
Rank: 169
	Starting at 1690
	Ending at 1700

======================
Node: ip-AC125409
Rank: 28
	Starting at 280
	Ending at 290

======================
Node: ip-AC12540F
Rank: 102
	Starting at 1020
	Ending at 1030

======================
Node: ip-AC12540A
Rank: 70
	Starting at 700
	Ending at 710

======================
Node: ip-AC12540B
Rank: 139
	Starting at 1390
	Ending at 1400

======================
Node: ip-AC125409
Rank: 41
	Starting at 410
	Ending at 420

======================
Node: ip-AC12540F
Rank: 130
	Starting at 1300
	Ending at 1310

======================
Node: ip-AC12540A
Rank: 55
	Starting at 550
	Ending at 560

======================
Node: ip-AC12540B
Rank: 162
	Starting at 1620
	Ending at 1630

======================
Node: ip-AC125409
Rank: 32
	Starting at 320
	Ending at 330

======================
Node: ip-AC12540F
Rank: 90
	Starting at 900
	Ending at 910

======================
Node: ip-AC12540A
Rank: 73
	Starting at 730
	Ending at 740

======================
Node: ip-AC12540B
Rank: 145
	Starting at 1450
	Ending at 1460

======================
Node: ip-AC125409
Rank: 20
	Starting at 200
	Ending at 210

======================
Node: ip-AC12540F
Rank: 114
	Starting at 1140
	Ending at 1150

======================
Node: ip-AC12540A
Rank: 51
	Starting at 510
	Ending at 520

======================
Node: ip-AC12540B
Rank: 164
	Starting at 1640
	Ending at 1650

======================
Node: ip-AC125409
Rank: 27
	Starting at 270
	Ending at 280

======================
Node: ip-AC12540F
Rank: 96
	Starting at 960
	Ending at 970

======================
Node: ip-AC12540A
Rank: 56
	Starting at 560
	Ending at 570

======================
Node: ip-AC12540B
Rank: 138
	Starting at 1380
	Ending at 1390

======================
Node: ip-AC125409
Rank: 12
	Starting at 120
	Ending at 130

======================
Node: ip-AC12540F
Rank: 91
	Starting at 910
	Ending at 920

======================
Node: ip-AC12540A
Rank: 44
	Starting at 440
	Ending at 450

======================
Node: ip-AC12540B
Rank: 140
	Starting at 1400
	Ending at 1410

======================
Node: ip-AC125409
Rank: 38
	Starting at 380
	Ending at 390

======================
Node: ip-AC12540F
Rank: 122
	Starting at 1220
	Ending at 1230

======================
Node: ip-AC12540A
Rank: 60
	Starting at 600
	Ending at 610

======================
Node: ip-AC12540B
Rank: 149
	Starting at 1490
	Ending at 1500

======================
Node: ip-AC125409
Rank: 14
	Starting at 140
	Ending at 150

======================
Node: ip-AC12540F
Rank: 120
	Starting at 1200
	Ending at 1210

======================
Node: ip-AC12540A
Rank: 57
	Starting at 570
	Ending at 580

======================
Node: ip-AC12540B
Rank: 147
	Starting at 1470
	Ending at 1480

======================
Node: ip-AC125409
Rank: 37
	Starting at 370
	Ending at 380

======================
Node: ip-AC12540F
Rank: 116
	Starting at 1160
	Ending at 1170

======================
Node: ip-AC12540A
Rank: 85
	Starting at 850
	Ending at 860

======================
Node: ip-AC12540B
Rank: 159
	Starting at 1590
	Ending at 1600

======================
Node: ip-AC125409
Rank: 11
	Starting at 110
	Ending at 120

======================
Node: ip-AC12540F
Rank: 97
	Starting at 970
	Ending at 980

======================
Node: ip-AC12540A
Rank: 49
	Starting at 490
	Ending at 500

======================
Node: ip-AC12540B
Rank: 134
	Starting at 1340
	Ending at 1350

======================
Node: ip-AC125409
Rank: 31
	Starting at 310
	Ending at 320

======================
Node: ip-AC12540F
Rank: 98
	Starting at 980
	Ending at 990

======================
Node: ip-AC12540A
Rank: 67
	Starting at 670
	Ending at 680

======================
Node: ip-AC12540B
Rank: 163
	Starting at 1630
	Ending at 1640

======================
Node: ip-AC125409
Rank: 15
	Starting at 150
	Ending at 160

======================
Node: ip-AC12540F
Rank: 95
	Starting at 950
	Ending at 960

======================
Node: ip-AC12540A
Rank: 45
	Starting at 450
	Ending at 460

======================
Node: ip-AC12540B
Rank: 144
	Starting at 1440
	Ending at 1450

======================
Node: ip-AC125409
Rank: 5
	Starting at 50
	Ending at 60

======================
Node: ip-AC12540F
Rank: 129
	Starting at 1290
	Ending at 1300

======================
Node: ip-AC12540A
Rank: 64
	Starting at 640
	Ending at 650

======================
Node: ip-AC12540B
Rank: 174
	Starting at 1740
	Ending at 1750

======================
Node: ip-AC125409
Rank: 40
	Starting at 400
	Ending at 410

======================
Node: ip-AC12540F
Rank: 103
	Starting at 1030
	Ending at 1040

======================
Node: ip-AC12540A
Rank: 54
	Starting at 540
	Ending at 550

======================
Node: ip-AC12540B
Rank: 172
	Starting at 1720
	Ending at 1730

======================
Node: ip-AC125409
Rank: 8
	Starting at 80
	Ending at 90

======================
Node: ip-AC12540F
Rank: 92
	Starting at 920
	Ending at 930

======================
Node: ip-AC12540A
Rank: 47
	Starting at 470
	Ending at 480

======================
Node: ip-AC12540B
Rank: 135
	Starting at 1350
	Ending at 1360

======================
Node: ip-AC125409
Rank: 39
	Starting at 390
	Ending at 400

======================
Node: ip-AC12540F
Rank: 104
	Starting at 1040
	Ending at 1050

======================
Node: ip-AC12540A
Rank: 62
	Starting at 620
	Ending at 630

======================
Node: ip-AC12540B
Rank: 170
	Starting at 1700
	Ending at 1710

======================
Node: ip-AC125409
Rank: 42
	Starting at 420
	Ending at 430

======================
Node: ip-AC12540F
Rank: 124
	Starting at 1240
	Ending at 1250

======================
Node: ip-AC12540A
Rank: 84
	Starting at 840
	Ending at 850

======================
Node: ip-AC12540B
Rank: 167
	Starting at 1670
	Ending at 1680

======================
Node: ip-AC125409
Rank: 7
	Starting at 70
	Ending at 80

======================
Node: ip-AC12540F
Rank: 109
	Starting at 1090
	Ending at 1100

======================
Node: ip-AC12540A
Rank: 87
	Starting at 870
	Ending at 880

======================
Node: ip-AC12540B
Rank: 161
	Starting at 1610
	Ending at 1620

======================
Node: ip-AC125409
Rank: 36
	Starting at 360
	Ending at 370

======================
Node: ip-AC12540F
Rank: 121
	Starting at 1210
	Ending at 1220

======================
Node: ip-AC12540A
Rank: 69
	Starting at 690
	Ending at 700

======================
Node: ip-AC12540B
Rank: 136
	Starting at 1360
	Ending at 1370

======================
Node: ip-AC125409
Rank: 13
	Starting at 130
	Ending at 140

======================
Node: ip-AC12540F
Rank: 126
	Starting at 1260
	Ending at 1270

======================
Node: ip-AC12540A
Rank: 46
	Starting at 460
	Ending at 470

======================
Node: ip-AC12540B
Rank: 166
	Starting at 1660
	Ending at 1670

======================
Node: ip-AC125409
Rank: 30
	Starting at 300
	Ending at 310

======================
Node: ip-AC12540F
Rank: 88
	Starting at 880
	Ending at 890

======================
Node: ip-AC12540A
Rank: 76
	Starting at 760
	Ending at 770

======================
Node: ip-AC12540B
Rank: 156
	Starting at 1560
	Ending at 1570

======================
Node: ip-AC125409
Rank: 19
	Starting at 190
	Ending at 200

======================
Node: ip-AC12540F
Rank: 125
	Starting at 1250
	Ending at 1260

======================
Node: ip-AC12540A
Rank: 71
	Starting at 710
	Ending at 720

======================
Node: ip-AC12540B
Rank: 148
	Starting at 1480
	Ending at 1490

======================
Node: ip-AC125409
Rank: 3
	Starting at 30
	Ending at 40

======================
Node: ip-AC12540F
Rank: 108
	Starting at 1080
	Ending at 1090

======================
Node: ip-AC12540A
Rank: 79
	Starting at 790
	Ending at 800

======================
Node: ip-AC12540B
Rank: 160
	Starting at 1600
	Ending at 1610

======================
Node: ip-AC125409
Rank: 18
	Starting at 180
	Ending at 190

======================
Node: ip-AC12540F
Rank: 119
	Starting at 1190
	Ending at 1200

======================
Node: ip-AC12540A
Rank: 66
	Starting at 660
	Ending at 670

======================
Node: ip-AC12540B
Rank: 152
	Starting at 1520
	Ending at 1530

======================
Node: ip-AC125409
Rank: 4
	Starting at 40
	Ending at 50

======================
Node: ip-AC12540F
Rank: 105
	Starting at 1050
	Ending at 1060

======================
Node: ip-AC12540A
Rank: 52
	Starting at 520
	Ending at 530

======================
Node: ip-AC12540B
Rank: 141
	Starting at 1410
	Ending at 1420

======================
Node: ip-AC125409
Rank: 21
	Starting at 210
	Ending at 220

======================
Node: ip-AC12540F
Rank: 101
	Starting at 1010
	Ending at 1020

======================
Node: ip-AC12540A
Rank: 53
	Starting at 530
	Ending at 540

======================
Node: ip-AC12540B
Rank: 168
	Starting at 1680
	Ending at 1690

======================
Node: ip-AC125409
Rank: 6
	Starting at 60
	Ending at 70

======================
Node: ip-AC12540F
Rank: 128
	Starting at 1280
	Ending at 1290

======================
Node: ip-AC12540A
Rank: 77
	Starting at 770
	Ending at 780

======================
Node: ip-AC12540B
Rank: 171
	Starting at 1710
	Ending at 1720

======================
Node: ip-AC125409
Rank: 10
	Starting at 100
	Ending at 110

======================
Node: ip-AC12540F
Rank: 93
	Starting at 930
	Ending at 940

======================
Node: ip-AC12540A
Rank: 81
	Starting at 810
	Ending at 820

======================
Node: ip-AC12540B
Rank: 150
	Starting at 1500
	Ending at 1510

======================
Node: ip-AC125409
Rank: 0
	Time taken 1.485396

================================
