Node: ip-AC12540B
Rank: 0
	Starting at 0
	Ending at 40

======================
Node: ip-AC12540B
Rank: 43
	Starting at 1720
	Ending at 1760

======================
Node: ip-AC12540B
Rank: 23
	Starting at 920
	Ending at 960

======================
Node: ip-AC12540B
Rank: 13
	Starting at 520
	Ending at 560

======================
Node: ip-AC12540B
Rank: 19
	Starting at 760
	Ending at 800

======================
Node: ip-AC12540B
Rank: 36
	Starting at 1440
	Ending at 1480

======================
Node: ip-AC12540B
Rank: 14
	Starting at 560
	Ending at 600

======================
Node: ip-AC12540B
Rank: 26
	Starting at 1040
	Ending at 1080

======================
Node: ip-AC12540B
Rank: 11
	Starting at 440
	Ending at 480

======================
Node: ip-AC12540B
Rank: 40
	Starting at 1600
	Ending at 1640

======================
Node: ip-AC12540B
Rank: 9
	Starting at 360
	Ending at 400

======================
Node: ip-AC12540B
Rank: 29
	Starting at 1160
	Ending at 1200

======================
Node: ip-AC12540B
Rank: 3
	Starting at 120
	Ending at 160

======================
Node: ip-AC12540B
Rank: 41
	Starting at 1640
	Ending at 1680

======================
Node: ip-AC12540B
Rank: 31
	Starting at 1240
	Ending at 1280

======================
Node: ip-AC12540B
Rank: 25
	Starting at 1000
	Ending at 1040

======================
Node: ip-AC12540B
Rank: 32
	Starting at 1280
	Ending at 1320

======================
Node: ip-AC12540B
Rank: 12
	Starting at 480
	Ending at 520

======================
Node: ip-AC12540B
Rank: 39
	Starting at 1560
	Ending at 1600

======================
Node: ip-AC12540B
Rank: 20
	Starting at 800
	Ending at 840

======================
Node: ip-AC12540B
Rank: 37
	Starting at 1480
	Ending at 1520

======================
Node: ip-AC12540B
Rank: 2
	Starting at 80
	Ending at 120

======================
Node: ip-AC12540B
Rank: 34
	Starting at 1360
	Ending at 1400

======================
Node: ip-AC12540B
Rank: 5
	Starting at 200
	Ending at 240

======================
Node: ip-AC12540B
Rank: 22
	Starting at 880
	Ending at 920

======================
Node: ip-AC12540B
Rank: 10
	Starting at 400
	Ending at 440

======================
Node: ip-AC12540B
Rank: 1
	Starting at 40
	Ending at 80

======================
Node: ip-AC12540B
Rank: 24
	Starting at 960
	Ending at 1000

======================
Node: ip-AC12540B
Rank: 30
	Starting at 1200
	Ending at 1240

======================
Node: ip-AC12540B
Rank: 15
	Starting at 600
	Ending at 640

======================
Node: ip-AC12540B
Rank: 42
	Starting at 1680
	Ending at 1720

======================
Node: ip-AC12540B
Rank: 21
	Starting at 840
	Ending at 880

======================
Node: ip-AC12540B
Rank: 33
	Starting at 1320
	Ending at 1360

======================
Node: ip-AC12540B
Rank: 35
	Starting at 1400
	Ending at 1440

======================
Node: ip-AC12540B
Rank: 16
	Starting at 640
	Ending at 680

======================
Node: ip-AC12540B
Rank: 8
	Starting at 320
	Ending at 360

======================
Node: ip-AC12540B
Rank: 27
	Starting at 1080
	Ending at 1120

======================
Node: ip-AC12540B
Rank: 28
	Starting at 1120
	Ending at 1160

======================
Node: ip-AC12540B
Rank: 38
	Starting at 1520
	Ending at 1560

======================
Node: ip-AC12540B
Rank: 4
	Starting at 160
	Ending at 200

======================
Node: ip-AC12540B
Rank: 6
	Starting at 240
	Ending at 280

======================
Node: ip-AC12540B
Rank: 7
	Starting at 280
	Ending at 320

======================
Node: ip-AC12540B
Rank: 17
	Starting at 680
	Ending at 720

======================
Node: ip-AC12540B
Rank: 18
	Starting at 720
	Ending at 760

======================
Node: ip-AC12540B
Rank: 0
	Time taken 5.453752

================================
