Node: ip-AC12540F
Rank: 101
	Starting at 1357
	Ending at 1370

======================
Node: ip-AC12540A
Rank: 64
	Starting at 876
	Ending at 889

======================
Node: ip-AC12540F
Rank: 111
	Starting at 1487
	Ending at 1500

======================
Node: ip-AC12540A
Rank: 44
	Starting at 616
	Ending at 629

======================
Node: ip-AC12540F
Rank: 96
	Starting at 1292
	Ending at 1305

======================
Node: ip-AC12540A
Rank: 58
	Starting at 798
	Ending at 811

======================
Node: ip-AC12540F
Rank: 118
	Starting at 1578
	Ending at 1591

======================
Node: ip-AC12540A
Rank: 76
	Starting at 1032
	Ending at 1045

======================
Node: ip-AC12540F
Rank: 93
	Starting at 1253
	Ending at 1266

======================
Node: ip-AC12540A
Rank: 62
	Starting at 850
	Ending at 863

======================
Node: ip-AC12540F
Rank: 106
	Starting at 1422
	Ending at 1435

======================
Node: ip-AC12540A
Rank: 86
	Starting at 1162
	Ending at 1175

======================
Node: ip-AC12540F
Rank: 90
	Starting at 1214
	Ending at 1227

======================
Node: ip-AC12540A
Rank: 56
	Starting at 772
	Ending at 785

======================
Node: ip-AC12540F
Rank: 113
	Starting at 1513
	Ending at 1526

======================
Node: ip-AC12540A
Rank: 49
	Starting at 681
	Ending at 694

======================
Node: ip-AC12540F
Rank: 112
	Starting at 1500
	Ending at 1513

======================
Node: ip-AC12540A
Rank: 82
	Starting at 1110
	Ending at 1123

======================
Node: ip-AC12540F
Rank: 94
	Starting at 1266
	Ending at 1279

======================
Node: ip-AC12540A
Rank: 53
	Starting at 733
	Ending at 746

======================
Node: ip-AC12540F
Rank: 125
	Starting at 1669
	Ending at 1682

======================
Node: ip-AC12540A
Rank: 67
	Starting at 915
	Ending at 928

======================
Node: ip-AC12540F
Rank: 88
	Starting at 1188
	Ending at 1201

======================
Node: ip-AC12540A
Rank: 63
	Starting at 863
	Ending at 876

======================
Node: ip-AC12540F
Rank: 117
	Starting at 1565
	Ending at 1578

======================
Node: ip-AC12540A
Rank: 74
	Starting at 1006
	Ending at 1019

======================
Node: ip-AC12540F
Rank: 99
	Starting at 1331
	Ending at 1344

======================
Node: ip-AC12540A
Rank: 51
	Starting at 707
	Ending at 720

======================
Node: ip-AC12540F
Rank: 124
	Starting at 1656
	Ending at 1669

======================
Node: ip-AC12540A
Rank: 70
	Starting at 954
	Ending at 967

======================
Node: ip-AC12540F
Rank: 115
	Starting at 1539
	Ending at 1552

======================
Node: ip-AC12540A
Rank: 79
	Starting at 1071
	Ending at 1084

======================
Node: ip-AC12540F
Rank: 109
	Starting at 1461
	Ending at 1474

======================
Node: ip-AC12540A
Rank: 84
	Starting at 1136
	Ending at 1149

======================
Node: ip-AC12540F
Rank: 131
	Starting at 1747
	Ending at 1760

======================
Node: ip-AC12540A
Rank: 78
	Starting at 1058
	Ending at 1071

======================
Node: ip-AC12540F
Rank: 100
	Starting at 1344
	Ending at 1357

======================
Node: ip-AC12540A
Rank: 73
	Starting at 993
	Ending at 1006

======================
Node: ip-AC12540F
Rank: 107
	Starting at 1435
	Ending at 1448

======================
Node: ip-AC12540A
Rank: 66
	Starting at 902
	Ending at 915

======================
Node: ip-AC12540F
Rank: 91
	Starting at 1227
	Ending at 1240

======================
Node: ip-AC12540A
Rank: 87
	Starting at 1175
	Ending at 1188

======================
Node: ip-AC12540F
Rank: 110
	Starting at 1474
	Ending at 1487

======================
Node: ip-AC12540A
Rank: 45
	Starting at 629
	Ending at 642

======================
Node: ip-AC12540F
Rank: 126
	Starting at 1682
	Ending at 1695

======================
Node: ip-AC12540A
Rank: 71
	Starting at 967
	Ending at 980

======================
Node: ip-AC12540F
Rank: 89
	Starting at 1201
	Ending at 1214

======================
Node: ip-AC12540A
Rank: 54
	Starting at 746
	Ending at 759

======================
Node: ip-AC12540F
Rank: 121
	Starting at 1617
	Ending at 1630

======================
Node: ip-AC12540A
Rank: 48
	Starting at 668
	Ending at 681

======================
Node: ip-AC12540F
Rank: 92
	Starting at 1240
	Ending at 1253

======================
Node: ip-AC12540A
Rank: 85
	Starting at 1149
	Ending at 1162

======================
Node: ip-AC12540F
Rank: 95
	Starting at 1279
	Ending at 1292

======================
Node: ip-AC12540A
Rank: 50
	Starting at 694
	Ending at 707

======================
Node: ip-AC12540F
Rank: 97
	Starting at 1305
	Ending at 1318

======================
Node: ip-AC12540A
Rank: 69
	Starting at 941
	Ending at 954

======================
Node: ip-AC12540F
Rank: 119
	Starting at 1591
	Ending at 1604

======================
Node: ip-AC12540A
Rank: 55
	Starting at 759
	Ending at 772

======================
Node: ip-AC12540F
Rank: 103
	Starting at 1383
	Ending at 1396

======================
Node: ip-AC12540A
Rank: 59
	Starting at 811
	Ending at 824

======================
Node: ip-AC12540F
Rank: 128
	Starting at 1708
	Ending at 1721

======================
Node: ip-AC12540A
Rank: 77
	Starting at 1045
	Ending at 1058

======================
Node: ip-AC12540F
Rank: 108
	Starting at 1448
	Ending at 1461

======================
Node: ip-AC12540A
Rank: 61
	Starting at 837
	Ending at 850

======================
Node: ip-AC12540F
Rank: 116
	Starting at 1552
	Ending at 1565

======================
Node: ip-AC12540A
Rank: 52
	Starting at 720
	Ending at 733

======================
Node: ip-AC12540F
Rank: 105
	Starting at 1409
	Ending at 1422

======================
Node: ip-AC12540A
Rank: 72
	Starting at 980
	Ending at 993

======================
Node: ip-AC12540F
Rank: 123
	Starting at 1643
	Ending at 1656

======================
Node: ip-AC12540A
Rank: 83
	Starting at 1123
	Ending at 1136

======================
Node: ip-AC12540F
Rank: 127
	Starting at 1695
	Ending at 1708

======================
Node: ip-AC12540A
Rank: 75
	Starting at 1019
	Ending at 1032

======================
Node: ip-AC12540F
Rank: 129
	Starting at 1721
	Ending at 1734

======================
Node: ip-AC12540A
Rank: 47
	Starting at 655
	Ending at 668

======================
Node: ip-AC12540F
Rank: 102
	Starting at 1370
	Ending at 1383

======================
Node: ip-AC12540A
Rank: 80
	Starting at 1084
	Ending at 1097

======================
Node: ip-AC12540F
Rank: 122
	Starting at 1630
	Ending at 1643

======================
Node: ip-AC12540A
Rank: 46
	Starting at 642
	Ending at 655

======================
Node: ip-AC12540F
Rank: 114
	Starting at 1526
	Ending at 1539

======================
Node: ip-AC12540A
Rank: 68
	Starting at 928
	Ending at 941

======================
Node: ip-AC12540F
Rank: 104
	Starting at 1396
	Ending at 1409

======================
Node: ip-AC12540A
Rank: 60
	Starting at 824
	Ending at 837

======================
Node: ip-AC12540F
Rank: 120
	Starting at 1604
	Ending at 1617

======================
Node: ip-AC12540A
Rank: 81
	Starting at 1097
	Ending at 1110

======================
Node: ip-AC12540F
Rank: 98
	Starting at 1318
	Ending at 1331

======================
Node: ip-AC12540A
Rank: 65
	Starting at 889
	Ending at 902

======================
Node: ip-AC12540F
Rank: 130
	Starting at 1734
	Ending at 1747

======================
Node: ip-AC12540A
Rank: 57
	Starting at 785
	Ending at 798

======================
Node: ip-AC125409
Rank: 40
	Starting at 560
	Ending at 574

======================
Node: ip-AC125409
Rank: 7
	Starting at 98
	Ending at 112

======================
Node: ip-AC125409
Rank: 31
	Starting at 434
	Ending at 448

======================
Node: ip-AC125409
Rank: 19
	Starting at 266
	Ending at 280

======================
Node: ip-AC125409
Rank: 32
	Starting at 448
	Ending at 462

======================
Node: ip-AC125409
Rank: 26
	Starting at 364
	Ending at 378

======================
Node: ip-AC125409
Rank: 0
	Starting at 0
	Ending at 14

======================
Node: ip-AC125409
Rank: 23
	Starting at 322
	Ending at 336

======================
Node: ip-AC125409
Rank: 13
	Starting at 182
	Ending at 196

======================
Node: ip-AC125409
Rank: 2
	Starting at 28
	Ending at 42

======================
Node: ip-AC125409
Rank: 39
	Starting at 546
	Ending at 560

======================
Node: ip-AC125409
Rank: 38
	Starting at 532
	Ending at 546

======================
Node: ip-AC125409
Rank: 43
	Starting at 602
	Ending at 616

======================
Node: ip-AC125409
Rank: 30
	Starting at 420
	Ending at 434

======================
Node: ip-AC125409
Rank: 4
	Starting at 56
	Ending at 70

======================
Node: ip-AC125409
Rank: 35
	Starting at 490
	Ending at 504

======================
Node: ip-AC125409
Rank: 11
	Starting at 154
	Ending at 168

======================
Node: ip-AC125409
Rank: 14
	Starting at 196
	Ending at 210

======================
Node: ip-AC125409
Rank: 5
	Starting at 70
	Ending at 84

======================
Node: ip-AC125409
Rank: 41
	Starting at 574
	Ending at 588

======================
Node: ip-AC125409
Rank: 15
	Starting at 210
	Ending at 224

======================
Node: ip-AC125409
Rank: 24
	Starting at 336
	Ending at 350

======================
Node: ip-AC125409
Rank: 34
	Starting at 476
	Ending at 490

======================
Node: ip-AC125409
Rank: 8
	Starting at 112
	Ending at 126

======================
Node: ip-AC125409
Rank: 21
	Starting at 294
	Ending at 308

======================
Node: ip-AC125409
Rank: 6
	Starting at 84
	Ending at 98

======================
Node: ip-AC125409
Rank: 29
	Starting at 406
	Ending at 420

======================
Node: ip-AC125409
Rank: 1
	Starting at 14
	Ending at 28

======================
Node: ip-AC125409
Rank: 12
	Starting at 168
	Ending at 182

======================
Node: ip-AC125409
Rank: 27
	Starting at 378
	Ending at 392

======================
Node: ip-AC125409
Rank: 17
	Starting at 238
	Ending at 252

======================
Node: ip-AC125409
Rank: 22
	Starting at 308
	Ending at 322

======================
Node: ip-AC125409
Rank: 3
	Starting at 42
	Ending at 56

======================
Node: ip-AC125409
Rank: 42
	Starting at 588
	Ending at 602

======================
Node: ip-AC125409
Rank: 10
	Starting at 140
	Ending at 154

======================
Node: ip-AC125409
Rank: 25
	Starting at 350
	Ending at 364

======================
Node: ip-AC125409
Rank: 28
	Starting at 392
	Ending at 406

======================
Node: ip-AC125409
Rank: 20
	Starting at 280
	Ending at 294

======================
Node: ip-AC125409
Rank: 18
	Starting at 252
	Ending at 266

======================
Node: ip-AC125409
Rank: 33
	Starting at 462
	Ending at 476

======================
Node: ip-AC125409
Rank: 9
	Starting at 126
	Ending at 140

======================
Node: ip-AC125409
Rank: 36
	Starting at 504
	Ending at 518

======================
Node: ip-AC125409
Rank: 16
	Starting at 224
	Ending at 238

======================
Node: ip-AC125409
Rank: 37
	Starting at 518
	Ending at 532

======================
Node: ip-AC125409
Rank: 0
	Time taken 1.852605

================================
