Node: ip-AC125409
Rank: 0
	Starting at 0
	Ending at 20

======================
Node: ip-AC125409
Rank: 5
	Starting at 100
	Ending at 120

======================
Node: ip-AC125409
Rank: 22
	Starting at 440
	Ending at 460

======================
Node: ip-AC12540A
Rank: 51
	Starting at 1020
	Ending at 1040

======================
Node: ip-AC125409
Rank: 13
	Starting at 260
	Ending at 280

======================
Node: ip-AC12540A
Rank: 53
	Starting at 1060
	Ending at 1080

======================
Node: ip-AC125409
Rank: 37
	Starting at 740
	Ending at 760

======================
Node: ip-AC12540A
Rank: 54
	Starting at 1080
	Ending at 1100

======================
Node: ip-AC125409
Rank: 21
	Starting at 420
	Ending at 440

======================
Node: ip-AC12540A
Rank: 44
	Starting at 880
	Ending at 900

======================
Node: ip-AC125409
Rank: 17
	Starting at 340
	Ending at 360

======================
Node: ip-AC12540A
Rank: 45
	Starting at 900
	Ending at 920

======================
Node: ip-AC125409
Rank: 4
	Starting at 80
	Ending at 100

======================
Node: ip-AC12540A
Rank: 46
	Starting at 920
	Ending at 940

======================
Node: ip-AC125409
Rank: 2
	Starting at 40
	Ending at 60

======================
Node: ip-AC12540A
Rank: 68
	Starting at 1360
	Ending at 1380

======================
Node: ip-AC125409
Rank: 8
	Starting at 160
	Ending at 180

======================
Node: ip-AC12540A
Rank: 62
	Starting at 1240
	Ending at 1260

======================
Node: ip-AC125409
Rank: 19
	Starting at 380
	Ending at 400

======================
Node: ip-AC12540A
Rank: 70
	Starting at 1400
	Ending at 1420

======================
Node: ip-AC125409
Rank: 38
	Starting at 760
	Ending at 780

======================
Node: ip-AC12540A
Rank: 57
	Starting at 1140
	Ending at 1160

======================
Node: ip-AC125409
Rank: 9
	Starting at 180
	Ending at 200

======================
Node: ip-AC12540A
Rank: 52
	Starting at 1040
	Ending at 1060

======================
Node: ip-AC125409
Rank: 20
	Starting at 400
	Ending at 420

======================
Node: ip-AC12540A
Rank: 63
	Starting at 1260
	Ending at 1280

======================
Node: ip-AC125409
Rank: 29
	Starting at 580
	Ending at 600

======================
Node: ip-AC12540A
Rank: 85
	Starting at 1700
	Ending at 1720

======================
Node: ip-AC125409
Rank: 11
	Starting at 220
	Ending at 240

======================
Node: ip-AC12540A
Rank: 64
	Starting at 1280
	Ending at 1300

======================
Node: ip-AC125409
Rank: 39
	Starting at 780
	Ending at 800

======================
Node: ip-AC12540A
Rank: 49
	Starting at 980
	Ending at 1000

======================
Node: ip-AC125409
Rank: 14
	Starting at 280
	Ending at 300

======================
Node: ip-AC12540A
Rank: 67
	Starting at 1340
	Ending at 1360

======================
Node: ip-AC125409
Rank: 1
	Starting at 20
	Ending at 40

======================
Node: ip-AC12540A
Rank: 71
	Starting at 1420
	Ending at 1440

======================
Node: ip-AC125409
Rank: 42
	Starting at 840
	Ending at 860

======================
Node: ip-AC12540A
Rank: 73
	Starting at 1460
	Ending at 1480

======================
Node: ip-AC125409
Rank: 34
	Starting at 680
	Ending at 700

======================
Node: ip-AC12540A
Rank: 61
	Starting at 1220
	Ending at 1240

======================
Node: ip-AC125409
Rank: 10
	Starting at 200
	Ending at 220

======================
Node: ip-AC12540A
Rank: 48
	Starting at 960
	Ending at 980

======================
Node: ip-AC125409
Rank: 32
	Starting at 640
	Ending at 660

======================
Node: ip-AC12540A
Rank: 47
	Starting at 940
	Ending at 960

======================
Node: ip-AC125409
Rank: 6
	Starting at 120
	Ending at 140

======================
Node: ip-AC12540A
Rank: 65
	Starting at 1300
	Ending at 1320

======================
Node: ip-AC125409
Rank: 33
	Starting at 660
	Ending at 680

======================
Node: ip-AC12540A
Rank: 79
	Starting at 1580
	Ending at 1600

======================
Node: ip-AC125409
Rank: 30
	Starting at 600
	Ending at 620

======================
Node: ip-AC12540A
Rank: 55
	Starting at 1100
	Ending at 1120

======================
Node: ip-AC125409
Rank: 35
	Starting at 700
	Ending at 720

======================
Node: ip-AC12540A
Rank: 50
	Starting at 1000
	Ending at 1020

======================
Node: ip-AC125409
Rank: 43
	Starting at 860
	Ending at 880

======================
Node: ip-AC12540A
Rank: 72
	Starting at 1440
	Ending at 1460

======================
Node: ip-AC125409
Rank: 23
	Starting at 460
	Ending at 480

======================
Node: ip-AC12540A
Rank: 87
	Starting at 1740
	Ending at 1760

======================
Node: ip-AC125409
Rank: 40
	Starting at 800
	Ending at 820

======================
Node: ip-AC12540A
Rank: 59
	Starting at 1180
	Ending at 1200

======================
Node: ip-AC125409
Rank: 24
	Starting at 480
	Ending at 500

======================
Node: ip-AC12540A
Rank: 60
	Starting at 1200
	Ending at 1220

======================
Node: ip-AC125409
Rank: 28
	Starting at 560
	Ending at 580

======================
Node: ip-AC12540A
Rank: 81
	Starting at 1620
	Ending at 1640

======================
Node: ip-AC125409
Rank: 15
	Starting at 300
	Ending at 320

======================
Node: ip-AC12540A
Rank: 58
	Starting at 1160
	Ending at 1180

======================
Node: ip-AC125409
Rank: 41
	Starting at 820
	Ending at 840

======================
Node: ip-AC12540A
Rank: 84
	Starting at 1680
	Ending at 1700

======================
Node: ip-AC125409
Rank: 18
	Starting at 360
	Ending at 380

======================
Node: ip-AC12540A
Rank: 56
	Starting at 1120
	Ending at 1140

======================
Node: ip-AC125409
Rank: 31
	Starting at 620
	Ending at 640

======================
Node: ip-AC12540A
Rank: 76
	Starting at 1520
	Ending at 1540

======================
Node: ip-AC125409
Rank: 7
	Starting at 140
	Ending at 160

======================
Node: ip-AC12540A
Rank: 77
	Starting at 1540
	Ending at 1560

======================
Node: ip-AC125409
Rank: 36
	Starting at 720
	Ending at 740

======================
Node: ip-AC12540A
Rank: 75
	Starting at 1500
	Ending at 1520

======================
Node: ip-AC125409
Rank: 16
	Starting at 320
	Ending at 340

======================
Node: ip-AC12540A
Rank: 74
	Starting at 1480
	Ending at 1500

======================
Node: ip-AC125409
Rank: 25
	Starting at 500
	Ending at 520

======================
Node: ip-AC12540A
Rank: 82
	Starting at 1640
	Ending at 1660

======================
Node: ip-AC125409
Rank: 12
	Starting at 240
	Ending at 260

======================
Node: ip-AC12540A
Rank: 78
	Starting at 1560
	Ending at 1580

======================
Node: ip-AC125409
Rank: 26
	Starting at 520
	Ending at 540

======================
Node: ip-AC12540A
Rank: 83
	Starting at 1660
	Ending at 1680

======================
Node: ip-AC125409
Rank: 3
	Starting at 60
	Ending at 80

======================
Node: ip-AC12540A
Rank: 69
	Starting at 1380
	Ending at 1400

======================
Node: ip-AC125409
Rank: 27
	Starting at 540
	Ending at 560

======================
Node: ip-AC12540A
Rank: 66
	Starting at 1320
	Ending at 1340

======================
Node: ip-AC12540A
Rank: 80
	Starting at 1600
	Ending at 1620

======================
Node: ip-AC12540A
Rank: 86
	Starting at 1720
	Ending at 1740

======================
Node: ip-AC125409
Rank: 0
	Time taken 2.452768

================================
